<?xml version="1.0" encoding="UTF-8"?>
<testsuite xmlns:xsi="http://www.w3.org/2001/XMLSchema-instance" xsi:noNamespaceSchemaLocation="https://maven.apache.org/surefire/maven-surefire-plugin/xsd/surefire-test-report-3.0.xsd" version="3.0" name="com.demo.book_service.BookServiceApplicationTests" time="12.067" tests="1" errors="0" skipped="0" failures="0">
  <properties>
[...]
</properties>
  <testcase name="contextLoads" classname="com.demo.book_service.BookServiceApplicationTests" time="1.015">
    <system-out><![CDATA[09:40:17.526 [main] INFO org.springframework.test.context.support.AnnotationConfigContextLoaderUtils -- Could not detect default configuration classes for test class [com.demo.book_service.BookServiceApplicationTests]: BookServiceApplicationTests does not declare any static, non-private, non-final, nested classes annotated with @Configuration.
09:40:17.745 [main] INFO org.springframework.boot.test.context.SpringBootTestContextBootstrapper -- Found @SpringBootConfiguration com.demo.book_service.BookServiceApplication for test class com.demo.book_service.BookServiceApplicationTests

  .   ____          _            __ _ _
 /\\ / ___'_ __ _ _(_)_ __  __ _ \ \ \ \
( ( )\___ | '_ | '_| | '_ \/ _` | \ \ \ \
 \\/  ___)| |_)| | | | | || (_| |  ) ) ) )
  '  |____| .__|_| |_|_| |_\__, | / / / /
 =========|_|==============|___/=/_/_/_/

 :: Spring Boot ::                (v3.3.4)

2024-10-21T09:40:18.502+05:30  INFO 9800 --- [book-service] [           main] c.d.b.BookServiceApplicationTests        : Starting BookServiceApplicationTests using Java 17.0.12 with PID 9800 (started by Administrator in C:\Users\Administrator\Desktop\book\book-service)
2024-10-21T09:40:18.508+05:30  INFO 9800 --- [book-service] [           main] c.d.b.BookServiceApplicationTests        : No active profile set, falling back to 1 default profile: "default"
2024-10-21T09:40:20.361+05:30  INFO 9800 --- [book-service] [           main] .s.d.r.c.RepositoryConfigurationDelegate : Bootstrapping Spring Data JPA repositories in DEFAULT mode.
2024-10-21T09:40:20.457+05:30  INFO 9800 --- [book-service] [           main] .s.d.r.c.RepositoryConfigurationDelegate : Finished Spring Data repository scanning in 70 ms. Found 1 JPA repository interface.
2024-10-21T09:40:21.639+05:30  INFO 9800 --- [book-service] [           main] com.zaxxer.hikari.HikariDataSource       : HikariPool-1 - Starting...
2024-10-21T09:40:22.037+05:30  INFO 9800 --- [book-service] [           main] com.zaxxer.hikari.pool.HikariPool        : HikariPool-1 - Added connection conn0: url=jdbc:h2:mem:testdb user=SA
2024-10-21T09:40:22.042+05:30  INFO 9800 --- [book-service] [           main] com.zaxxer.hikari.HikariDataSource       : HikariPool-1 - Start completed.
2024-10-21T09:40:22.134+05:30  INFO 9800 --- [book-service] [           main] o.hibernate.jpa.internal.util.LogHelper  : HHH000204: Processing PersistenceUnitInfo [name: default]
2024-10-21T09:40:22.290+05:30  INFO 9800 --- [book-service] [           main] org.hibernate.Version                    : HHH000412: Hibernate ORM core version 6.5.3.Final
2024-10-21T09:40:22.372+05:30  INFO 9800 --- [book-service] [           main] o.h.c.internal.RegionFactoryInitiator    : HHH000026: Second-level cache disabled
2024-10-21T09:40:23.080+05:30  INFO 9800 --- [book-service] [           main] o.s.o.j.p.SpringPersistenceUnitInfo      : No LoadTimeWeaver setup: ignoring JPA class transformer
2024-10-21T09:40:23.193+05:30  WARN 9800 --- [book-service] [           main] org.hibernate.orm.deprecation            : HHH90000025: H2Dialect does not need to be specified explicitly using 'hibernate.dialect' (remove the property setting and it will be selected by default)
2024-10-21T09:40:24.725+05:30  INFO 9800 --- [book-service] [           main] o.h.e.t.j.p.i.JtaPlatformInitiator       : HHH000489: No JTA platform available (set 'hibernate.transaction.jta.platform' to enable JTA platform integration)
2024-10-21T09:40:24.785+05:30  INFO 9800 --- [book-service] [           main] j.LocalContainerEntityManagerFactoryBean : Initialized JPA EntityManagerFactory for persistence unit 'default'
2024-10-21T09:40:25.926+05:30  WARN 9800 --- [book-service] [           main] JpaBaseConfiguration$JpaWebConfiguration : spring.jpa.open-in-view is enabled by default. Therefore, database queries may be performed during view rendering. Explicitly configure spring.jpa.open-in-view to disable this warning
2024-10-21T09:40:27.322+05:30  INFO 9800 --- [book-service] [           main] o.s.b.a.h2.H2ConsoleAutoConfiguration    : H2 console available at '/h2-console'. Database available at 'jdbc:h2:mem:testdb'
2024-10-21T09:40:27.424+05:30  INFO 9800 --- [book-service] [           main] o.s.b.a.e.web.EndpointLinksResolver      : Exposing 1 endpoint beneath base path '/actuator'
2024-10-21T09:40:27.771+05:30  INFO 9800 --- [book-service] [           main] c.d.b.BookServiceApplicationTests        : Started BookServiceApplicationTests in 9.728 seconds (process running for 12.338)
]]></system-out>
  </testcase>
</testsuite>